22-08-2022 20:10:52.758 [main] INFO  com.example.logger.DemoApplication.logStarting - Starting DemoApplication using Java 17.0.1 on DESKTOP-PHBMTMU with PID 22004 (D:\Gwt\demo\target\classes started by softsuave in D:\Gwt\demo)
22-08-2022 20:10:52.760 [main] INFO  com.example.logger.DemoApplication.logStartupProfileInfo - No active profile set, falling back to 1 default profile: "default"
22-08-2022 20:10:53.255 [main] INFO  o.s.b.w.e.tomcat.TomcatWebServer.initialize - Tomcat initialized with port(s): 9090 (http)
22-08-2022 20:10:53.261 [main] INFO  o.a.catalina.core.StandardService.log - Starting service [Tomcat]
22-08-2022 20:10:53.261 [main] INFO  o.a.catalina.core.StandardEngine.log - Starting Servlet engine: [Apache Tomcat/9.0.65]
22-08-2022 20:10:53.318 [main] INFO  o.a.c.c.C.[Tomcat].[localhost].[/].log - Initializing Spring embedded WebApplicationContext
22-08-2022 20:10:53.318 [main] INFO  o.s.b.w.s.c.ServletWebServerApplicationContext.prepareWebApplicationContext - Root WebApplicationContext: initialization completed in 527 ms
22-08-2022 20:10:53.521 [main] INFO  o.s.b.w.e.tomcat.TomcatWebServer.start - Tomcat started on port(s): 9090 (http) with context path ''
22-08-2022 20:10:53.531 [main] INFO  com.example.logger.DemoApplication.logStarted - Started DemoApplication in 1.011 seconds (JVM running for 1.448)
22-08-2022 20:11:07.960 [http-nio-9090-exec-1] INFO  o.a.c.c.C.[Tomcat].[localhost].[/].log - Initializing Spring DispatcherServlet 'dispatcherServlet'
22-08-2022 20:11:07.960 [http-nio-9090-exec-1] INFO  o.s.web.servlet.DispatcherServlet.initServletBean - Initializing Servlet 'dispatcherServlet'
22-08-2022 20:11:07.961 [http-nio-9090-exec-1] INFO  o.s.web.servlet.DispatcherServlet.initServletBean - Completed initialization in 1 ms
22-08-2022 20:11:07.975 [http-nio-9090-exec-1] INFO  com.example.logger.HomeController.printlogger - info logger
22-08-2022 20:11:07.975 [http-nio-9090-exec-1] WARN  com.example.logger.HomeController.printlogger - warn logger
22-08-2022 20:11:07.975 [http-nio-9090-exec-1] ERROR com.example.logger.HomeController.printlogger - error logger
22-08-2022 20:11:08.076 [http-nio-9090-exec-2] INFO  com.example.logger.HomeController.printlogger - info logger
22-08-2022 20:11:08.077 [http-nio-9090-exec-2] WARN  com.example.logger.HomeController.printlogger - warn logger
22-08-2022 20:11:08.077 [http-nio-9090-exec-2] ERROR com.example.logger.HomeController.printlogger - error logger
22-08-2022 20:11:08.245 [http-nio-9090-exec-3] INFO  com.example.logger.HomeController.printlogger - info logger
22-08-2022 20:11:08.245 [http-nio-9090-exec-3] WARN  com.example.logger.HomeController.printlogger - warn logger
22-08-2022 20:11:08.245 [http-nio-9090-exec-3] ERROR com.example.logger.HomeController.printlogger - error logger
22-08-2022 20:11:08.357 [http-nio-9090-exec-4] INFO  com.example.logger.HomeController.printlogger - info logger
22-08-2022 20:11:08.357 [http-nio-9090-exec-4] WARN  com.example.logger.HomeController.printlogger - warn logger
22-08-2022 20:11:08.357 [http-nio-9090-exec-4] ERROR com.example.logger.HomeController.printlogger - error logger
22-08-2022 20:11:08.495 [http-nio-9090-exec-5] INFO  com.example.logger.HomeController.printlogger - info logger
22-08-2022 20:11:08.495 [http-nio-9090-exec-5] WARN  com.example.logger.HomeController.printlogger - warn logger
22-08-2022 20:11:08.495 [http-nio-9090-exec-5] ERROR com.example.logger.HomeController.printlogger - error logger
22-08-2022 20:11:08.623 [http-nio-9090-exec-6] INFO  com.example.logger.HomeController.printlogger - info logger
22-08-2022 20:11:08.623 [http-nio-9090-exec-6] WARN  com.example.logger.HomeController.printlogger - warn logger
22-08-2022 20:11:08.623 [http-nio-9090-exec-6] ERROR com.example.logger.HomeController.printlogger - error logger
22-08-2022 20:11:08.770 [http-nio-9090-exec-7] INFO  com.example.logger.HomeController.printlogger - info logger
22-08-2022 20:11:08.770 [http-nio-9090-exec-7] WARN  com.example.logger.HomeController.printlogger - warn logger
22-08-2022 20:11:08.770 [http-nio-9090-exec-7] ERROR com.example.logger.HomeController.printlogger - error logger
22-08-2022 20:11:08.895 [http-nio-9090-exec-8] INFO  com.example.logger.HomeController.printlogger - info logger
22-08-2022 20:11:08.895 [http-nio-9090-exec-8] WARN  com.example.logger.HomeController.printlogger - warn logger
22-08-2022 20:11:08.895 [http-nio-9090-exec-8] ERROR com.example.logger.HomeController.printlogger - error logger
22-08-2022 20:11:09.064 [http-nio-9090-exec-9] INFO  com.example.logger.HomeController.printlogger - info logger
22-08-2022 20:11:09.064 [http-nio-9090-exec-9] WARN  com.example.logger.HomeController.printlogger - warn logger
22-08-2022 20:11:09.064 [http-nio-9090-exec-9] ERROR com.example.logger.HomeController.printlogger - error logger
22-08-2022 20:11:09.166 [http-nio-9090-exec-10] INFO  com.example.logger.HomeController.printlogger - info logger
22-08-2022 20:11:09.167 [http-nio-9090-exec-10] WARN  com.example.logger.HomeController.printlogger - warn logger
22-08-2022 20:11:09.167 [http-nio-9090-exec-10] ERROR com.example.logger.HomeController.printlogger - error logger
22-08-2022 20:11:09.309 [http-nio-9090-exec-1] INFO  com.example.logger.HomeController.printlogger - info logger
22-08-2022 20:11:09.309 [http-nio-9090-exec-1] WARN  com.example.logger.HomeController.printlogger - warn logger
22-08-2022 20:11:09.309 [http-nio-9090-exec-1] ERROR com.example.logger.HomeController.printlogger - error logger
22-08-2022 20:11:09.423 [http-nio-9090-exec-2] INFO  com.example.logger.HomeController.printlogger - info logger
22-08-2022 20:11:09.423 [http-nio-9090-exec-2] WARN  com.example.logger.HomeController.printlogger - warn logger
22-08-2022 20:11:09.423 [http-nio-9090-exec-2] ERROR com.example.logger.HomeController.printlogger - error logger
22-08-2022 20:11:09.575 [http-nio-9090-exec-3] INFO  com.example.logger.HomeController.printlogger - info logger
22-08-2022 20:11:09.576 [http-nio-9090-exec-3] WARN  com.example.logger.HomeController.printlogger - warn logger
22-08-2022 20:11:09.576 [http-nio-9090-exec-3] ERROR com.example.logger.HomeController.printlogger - error logger
22-08-2022 20:11:09.686 [http-nio-9090-exec-4] INFO  com.example.logger.HomeController.printlogger - info logger
22-08-2022 20:11:09.686 [http-nio-9090-exec-4] WARN  com.example.logger.HomeController.printlogger - warn logger
22-08-2022 20:11:09.686 [http-nio-9090-exec-4] ERROR com.example.logger.HomeController.printlogger - error logger
22-08-2022 20:11:09.845 [http-nio-9090-exec-5] INFO  com.example.logger.HomeController.printlogger - info logger
22-08-2022 20:11:09.845 [http-nio-9090-exec-5] WARN  com.example.logger.HomeController.printlogger - warn logger
22-08-2022 20:11:09.845 [http-nio-9090-exec-5] ERROR com.example.logger.HomeController.printlogger - error logger
22-08-2022 20:11:10.216 [http-nio-9090-exec-6] INFO  com.example.logger.HomeController.printlogger - info logger
22-08-2022 20:11:10.216 [http-nio-9090-exec-6] WARN  com.example.logger.HomeController.printlogger - warn logger
22-08-2022 20:11:10.216 [http-nio-9090-exec-6] ERROR com.example.logger.HomeController.printlogger - error logger
22-08-2022 20:11:10.349 [http-nio-9090-exec-7] INFO  com.example.logger.HomeController.printlogger - info logger
22-08-2022 20:11:10.349 [http-nio-9090-exec-7] WARN  com.example.logger.HomeController.printlogger - warn logger
22-08-2022 20:11:10.349 [http-nio-9090-exec-7] ERROR com.example.logger.HomeController.printlogger - error logger
22-08-2022 20:11:10.478 [http-nio-9090-exec-8] INFO  com.example.logger.HomeController.printlogger - info logger
22-08-2022 20:11:10.478 [http-nio-9090-exec-8] WARN  com.example.logger.HomeController.printlogger - warn logger
22-08-2022 20:11:10.478 [http-nio-9090-exec-8] ERROR com.example.logger.HomeController.printlogger - error logger
22-08-2022 20:11:10.575 [http-nio-9090-exec-9] INFO  com.example.logger.HomeController.printlogger - info logger
22-08-2022 20:11:10.575 [http-nio-9090-exec-9] WARN  com.example.logger.HomeController.printlogger - warn logger
22-08-2022 20:11:10.575 [http-nio-9090-exec-9] ERROR com.example.logger.HomeController.printlogger - error logger
22-08-2022 20:11:10.701 [http-nio-9090-exec-10] INFO  com.example.logger.HomeController.printlogger - info logger
22-08-2022 20:11:10.701 [http-nio-9090-exec-10] WARN  com.example.logger.HomeController.printlogger - warn logger
22-08-2022 20:11:10.701 [http-nio-9090-exec-10] ERROR com.example.logger.HomeController.printlogger - error logger
22-08-2022 20:11:15.262 [http-nio-9090-exec-1] INFO  com.example.logger.HomeController.printlogger - info logger
22-08-2022 20:11:15.262 [http-nio-9090-exec-1] WARN  com.example.logger.HomeController.printlogger - warn logger
22-08-2022 20:11:15.263 [http-nio-9090-exec-1] ERROR com.example.logger.HomeController.printlogger - error logger
22-08-2022 20:11:15.405 [http-nio-9090-exec-2] INFO  com.example.logger.HomeController.printlogger - info logger
22-08-2022 20:11:15.405 [http-nio-9090-exec-2] WARN  com.example.logger.HomeController.printlogger - warn logger
22-08-2022 20:11:15.405 [http-nio-9090-exec-2] ERROR com.example.logger.HomeController.printlogger - error logger
22-08-2022 20:11:15.551 [http-nio-9090-exec-3] INFO  com.example.logger.HomeController.printlogger - info logger
22-08-2022 20:11:15.551 [http-nio-9090-exec-3] WARN  com.example.logger.HomeController.printlogger - warn logger
22-08-2022 20:11:15.551 [http-nio-9090-exec-3] ERROR com.example.logger.HomeController.printlogger - error logger
22-08-2022 20:11:15.695 [http-nio-9090-exec-4] INFO  com.example.logger.HomeController.printlogger - info logger
22-08-2022 20:11:15.695 [http-nio-9090-exec-4] WARN  com.example.logger.HomeController.printlogger - warn logger
22-08-2022 20:11:15.695 [http-nio-9090-exec-4] ERROR com.example.logger.HomeController.printlogger - error logger
22-08-2022 20:11:15.849 [http-nio-9090-exec-5] INFO  com.example.logger.HomeController.printlogger - info logger
22-08-2022 20:11:15.849 [http-nio-9090-exec-5] WARN  com.example.logger.HomeController.printlogger - warn logger
22-08-2022 20:11:15.849 [http-nio-9090-exec-5] ERROR com.example.logger.HomeController.printlogger - error logger
